<?xml version="1.0" encoding="utf-8" standalone="no"?>
<test-results xmlns:xsi="http://www.w3.org/2001/XMLSchema-instance" xsi:noNamespaceSchemaLocation="nunit_schema_2.5.xsd" name="Pester" total="9" errors="0" failures="3" not-run="0" inconclusive="0" ignored="0" skipped="0" invalid="0" date="2018-11-04" time="14:56:43">
  <environment user="Richard" machine-name="RICHARD-PC" cwd="C:\Users\Richard\Documents\GitHub\Pester-Dashboard" user-domain="Richard-PC" platform="Microsoft Windows 10 Pro|C:\WINDOWS|\Device\Harddisk0\Partition1" nunit-version="2.5.8.0" os-version="10.0.17134" clr-version="4.0.30319.42000" />
  <culture-info current-culture="en-US" current-uiculture="en-US" />
  <test-suite type="Powershell" name="Pester" executed="True" result="Failure" success="False" time="0.3664" asserts="0">
    <results>
      <test-suite type="TestFixture" name="Basic text tests" executed="True" result="Success" success="True" time="0.0432" asserts="0" description="Basic text tests">
        <results>
          <test-case description="Should be a passing value" name="Basic text tests.Should be a passing value" time="0.0432" asserts="0" success="True" result="Success" executed="True" />
        </results>
      </test-suite>
      <test-suite type="TestFixture" name="Basic processor tests" executed="True" result="Failure" success="False" time="0.0438" asserts="0" description="Basic processor tests">
        <results>
          <test-case description="Process counts should match" name="Basic processor tests.Process counts should match" time="0.0313" asserts="0" success="True" result="Success" executed="True" />
          <test-case description="Process counts should match [but fail]" name="Basic processor tests.Process counts should match [but fail]" time="0.0125" asserts="0" success="False" result="Failure" executed="True">
            <failure>
              <message>Expected: {310}
But was:  {309}</message>
              <stack-trace>at line: 11 in C:\Users\Richard\Documents\GitHub\Pester-Dashboard\PesterTests.ps1
11:         (get-process).count | Should Be ((Get-Process).count + 1)
</stack-trace>
            </failure>
          </test-case>
        </results>
      </test-suite>
      <test-suite type="TestFixture" name="Tests with Contextz" executed="True" result="Failure" success="False" time="0.2794" asserts="0" description="Tests with Contexts">
        <results>
          <test-case description="The current day of the week is Sunday" name="Tests with Contexts.The current day of the week is Sunday" time="0.0294" asserts="0" success="True" result="Success" executed="True" />
          <test-case description="This test always fails" name="Tests with Contexts.This test always fails" time="0.0342" asserts="0" success="False" result="Failure" executed="True">
            <failure>
              <message>Expected: {True}
But was:  {False}</message>
              <stack-trace>at line: 20 in C:\Users\Richard\Documents\GitHub\Pester-Dashboard\PesterTests.ps1
20:             $false | Should Be $true
</stack-trace>
            </failure>
          </test-case>
          <test-case description="This test always fails" name="Tests with Contexts.This test always fails" time="0.0671" asserts="0" success="True" result="Success" executed="True" />
          <test-case description="The current day of the week is Sunday" name="Tests with Contexts.The current day of the week is Sunday" time="0.068" asserts="0" success="True" result="Success" executed="True" />
          <test-case description="This test always fails" name="Tests with Contexts.This test always fails" time="0.017" asserts="0" success="False" result="Failure" executed="True">
            <failure>
              <message>Expected: {True}
But was:  {False}</message>
              <stack-trace>at line: 36 in C:\Users\Richard\Documents\GitHub\Pester-Dashboard\PesterTests.ps1
36:             $false | Should Be $true
</stack-trace>
            </failure>
          </test-case>
          <test-case description="This test always fails" name="Tests with Contexts.This test always fails" time="0.0637" asserts="0" success="True" result="Success" executed="True" />
        </results>
      </test-suite>
    </results>
  </test-suite>
</test-results>